CREATE EXTENSION table_log;
-- drop old trigger
DROP TRIGGER test_log_chg ON test; -- ignore any error
ERROR:  relation "test" does not exist
-- create demo table
DROP TABLE test; -- ignore any error
ERROR:  table "test" does not exist
CREATE TABLE test (
  id                    INT                 NOT NULL
                                            PRIMARY KEY,
  name                  VARCHAR(20)         NOT NULL
);
NOTICE:  CREATE TABLE / PRIMARY KEY will create implicit index "test_pkey" for table "test"
-- create the table without data from demo table
DROP TABLE test_log; -- ignore any error
ERROR:  table "test_log" does not exist
SELECT * INTO test_log FROM test LIMIT 0;
ALTER TABLE test_log ADD COLUMN trigger_mode VARCHAR(10);
ALTER TABLE test_log ADD COLUMN trigger_tuple VARCHAR(5);
ALTER TABLE test_log ADD COLUMN trigger_changed TIMESTAMPTZ;
ALTER TABLE test_log ADD COLUMN trigger_id BIGINT;
CREATE SEQUENCE test_log_id;
SELECT SETVAL('test_log_id', 1, FALSE);
 setval 
--------
      1
(1 row)

ALTER TABLE test_log ALTER COLUMN trigger_id SET DEFAULT NEXTVAL('test_log_id');
-- create trigger
CREATE TRIGGER test_log_chg AFTER UPDATE OR INSERT OR DELETE ON test FOR EACH ROW
               EXECUTE PROCEDURE table_log();
-- test trigger
INSERT INTO test VALUES (1, 'name');
SELECT id, name FROM test;
 id | name 
----+------
  1 | name
(1 row)

SELECT id, name, trigger_mode, trigger_tuple, trigger_id FROM test_log;
 id | name | trigger_mode | trigger_tuple | trigger_id 
----+------+--------------+---------------+------------
  1 | name | INSERT       | new           |          1
(1 row)

UPDATE test SET name='other name' WHERE id=1;
SELECT id, name FROM test;
 id |    name    
----+------------
  1 | other name
(1 row)

SELECT id, name, trigger_mode, trigger_tuple, trigger_id FROM test_log;
 id |    name    | trigger_mode | trigger_tuple | trigger_id 
----+------------+--------------+---------------+------------
  1 | name       | INSERT       | new           |          1
  1 | name       | UPDATE       | old           |          2
  1 | other name | UPDATE       | new           |          3
(3 rows)

-- create restore table
SELECT table_log_restore_table('test', 'id', 'test_log', 'trigger_id', 'test_recover', NOW());
                                                                                                                 table_log_restore_table                                                                                                                  
----------------------------------------------------------------------------------------------------------------------------------------------------------------------------------------------------------------------------------------------------------
 \x7F\x7F\x7F\x7F\x7F\x7F\x7F\x7F\x7F\x7F\x7F\x7F\x7F\x7F\x7F\x7F\x7F\x7F\x7F\x7F\x7F\x7F\x7F\x7F\x7F\x7F\x7F\x7F\x7F\x7F\x7F\x7F\x7F\x7F\x7F\x7F\x7F\x7F\x7F\x7F\x7F\x7F\x7F\x7F\x7F\x7F\x7F\x7F\x7F\x7F\x7F\x7F\x7F\x7F\x7F\x7F\x7F\x7F\x7F\x7F\x7F\x7F
(1 row)

SELECT id, name FROM test_recover;
 id |    name    
----+------------
  1 | other name
(1 row)

DROP TABLE test;
DROP TABLE test_log;
